[2021-04-25 16:55:37] [info] Start Program:
Path:"C:\\Users\\skump\\source\\repos\\an1_info\\oop\\contract_gui\\x64\\Debug\\contract_gui.exe"
Arguments:
Working directory: "C:\\Users\\skump\\source\\repos\\an1_info\\oop\\contract_gui\\contract_gui\\"
Modules: Selected: C:\Users\skump\source\repos\an1_info\oop\contract_gui\x64\Debug\contract_gui.exe Excluded: 
Sources: Selected: C:\Users\skump\source\repos\an1_info\oop\contract_gui\contract_gui Excluded: 
Log Level: Normal
Cover Children: 0
Aggregate by file: 1
Continue after C++ exception: 0
Optimized build support: 0
Export: binary C:\Users\skump\AppData\Local\Temp\3zog2fxt.s1b 
Input coverage: 
Unified diff: 
Excluded line regular expressions: 
Substitute pdb source paths: 

[2021-04-25 16:55:37] [info] Module: C:\Users\skump\source\repos\an1_info\oop\contract_gui\x64\Debug\contract_gui.exe is selected because it matches selected pattern: C:\Users\skump\source\repos\an1_info\oop\contract_gui\x64\Debug\contract_gui.exe
[2021-04-25 16:55:37] [info] ----------------------------------------------------
[2021-04-25 16:55:37] [info] Coverage binary generated in file: C:\Users\skump\AppData\Local\Temp\3zog2fxt.s1b
[2021-04-25 16:55:37] [info] ----------------------------------------------------
[2021-04-25 16:55:37] [error] Your program stop with error code: -1073741515
